[11:09:39] [main/INFO]: Setting user: Player156
[11:09:41] [Client thread/INFO]: LWJGL Version: 2.9.1
[11:09:48] [Client thread/INFO]: Reloading ResourceManager: Default, FMLFileResourcePack:Forge Mod Loader, FMLFileResourcePack:Minecraft Forge, FMLFileResourcePack:TestMod
[11:09:49] [Sound Library Loader/INFO]: Sound engine started
[11:09:50] [Client thread/INFO]: Created: 16x16 textures/blocks-atlas
[11:09:50] [Client thread/INFO]: Created: 16x16 textures/items-atlas
[11:09:50] [Client thread/INFO]: Reloading ResourceManager: Default, FMLFileResourcePack:Forge Mod Loader, FMLFileResourcePack:Minecraft Forge, FMLFileResourcePack:TestMod
[11:09:50] [Client thread/INFO]: Created: 512x256 textures/blocks-atlas
[11:09:50] [Client thread/INFO]: Created: 256x256 textures/items-atlas
[11:09:51] [Sound Library Loader/INFO]: Sound engine started
[11:10:00] [Server thread/INFO]: Starting integrated minecraft server version 1.7.10
[11:10:00] [Server thread/INFO]: Generating keypair
[11:10:01] [Server thread/INFO]: Preparing start region for level 0
[11:10:01] [Server thread/INFO]: Changing view distance to 12, from 10
[11:10:02] [Server thread/INFO]: Player156[local:E:39f10d90] logged in with entity id 293 at (1717.7185223608733, 4.0, -915.7461573164439)
[11:10:02] [Server thread/INFO]: Player156 joined the game
[11:10:02] [Server thread/INFO]: Saving and pausing game...
[11:10:02] [Server thread/INFO]: Saving chunks for level 'New World'/Overworld
[11:10:02] [Server thread/INFO]: Saving chunks for level 'New World'/Nether
[11:10:02] [Server thread/INFO]: Saving chunks for level 'New World'/The End
[11:10:49] [Server thread/INFO]: Saving and pausing game...
[11:10:49] [Server thread/INFO]: Saving chunks for level 'New World'/Overworld
[11:10:49] [Server thread/INFO]: Saving chunks for level 'New World'/Nether
[11:10:49] [Server thread/INFO]: Saving chunks for level 'New World'/The End
[11:11:07] [Server thread/INFO]: [Player156: Set own game mode to Creative Mode]
[11:11:07] [Client thread/INFO]: [CHAT] Your game mode has been updated
[11:11:12] [Server thread/INFO]: Saving and pausing game...
[11:11:12] [Server thread/INFO]: Saving chunks for level 'New World'/Overworld
[11:11:12] [Server thread/INFO]: Saving chunks for level 'New World'/Nether
[11:11:12] [Server thread/INFO]: Saving chunks for level 'New World'/The End
[11:11:13] [Server thread/INFO]: Stopping server
[11:11:13] [Server thread/INFO]: Saving players
[11:11:13] [Server thread/INFO]: Saving worlds
[11:11:13] [Server thread/INFO]: Saving chunks for level 'New World'/Overworld
[11:11:13] [Server thread/INFO]: Saving chunks for level 'New World'/Nether
[11:11:13] [Server thread/INFO]: Saving chunks for level 'New World'/The End
[11:11:14] [Client thread/INFO]: Stopping!
